<?xml version="1.0" encoding="UTF-8"?>
<!-- Generated by org.testng.reporters.JUnitXMLReporter -->
<testsuite ignored="0" hostname="DESKTOP-U1QCOVV" failures="0" tests="2" name="Run on Chrome Browser" time="24.364" errors="0" timestamp="2024-11-22T17:09:11 ICT">
  <testcase classname="admin.Admin_01_Job_Titles" name="Job_Title_01_Add_New_Empty_Data" time="2.938"/>
  <testcase classname="admin.Admin_01_Job_Titles" name="Job_Title_02_Add_New_Sucess" time="9.742"/>
</testsuite> <!-- Run on Chrome Browser -->
