<?xml version="1.0" encoding="UTF-8"?>
<!-- Generated by org.testng.reporters.JUnitXMLReporter -->
<testsuite ignored="10" hostname="DESKTOP-U1QCOVV" failures="0" tests="1" name="orangehrm-selenium" time="0.049" errors="0" timestamp="2024-11-16T20:01:52 ICT">
  <testcase classname="pim.PIM_01_Employee" name="@BeforeClass beforeClass" time="-1.731762112145E9">
    <failure type="org.testng.TestNGException" message="
Parameter &amp;apos;url&amp;apos; is required by BeforeClass on method beforeClass but has not been marked @Optional or defined
in C:\Users\DELL\AppData\Local\JetBrains\IdeaIC2024.1\temp-testng-customsuite.xml">
      <![CDATA[org.testng.TestNGException: 
Parameter 'url' is required by BeforeClass on method beforeClass but has not been marked @Optional or defined
in C:\Users\DELL\AppData\Local\JetBrains\IdeaIC2024.1\temp-testng-customsuite.xml
at java.base/java.util.ArrayList.forEach(ArrayList.java:1511)
at com.intellij.rt.testng.IDEARemoteTestNG.run(IDEARemoteTestNG.java:65)
at com.intellij.rt.testng.RemoteTestNGStarter.main(RemoteTestNGStarter.java:105)
... Removed 19 stack frames]]>
    </failure>
  </testcase> <!-- @BeforeClass beforeClass -->
  <testcase classname="pim.PIM_01_Employee" name="@AfterClass afterClass" time="0.0">
    <skipped/>
  </testcase> <!-- @AfterClass afterClass -->
  <testcase classname="pim.PIM_01_Employee" name="Employee_05_Emergency_Contacts" time="0.0">
    <skipped/>
  </testcase> <!-- Employee_05_Emergency_Contacts -->
  <testcase classname="pim.PIM_01_Employee" name="Employee_09_Salary" time="0.0">
    <ignored/>
  </testcase> <!-- Employee_09_Salary -->
  <testcase classname="pim.PIM_01_Employee" name="Employee_06_Dependents" time="0.0">
    <ignored/>
  </testcase> <!-- Employee_06_Dependents -->
  <testcase classname="pim.PIM_01_Employee" name="Employee_10_Report" time="0.0">
    <ignored/>
  </testcase> <!-- Employee_10_Report -->
  <testcase classname="pim.PIM_01_Employee" name="Employee_01_Add_New" time="0.0">
    <ignored/>
  </testcase> <!-- Employee_01_Add_New -->
  <testcase classname="pim.PIM_01_Employee" name="Employee_08_Job" time="0.0">
    <ignored/>
  </testcase> <!-- Employee_08_Job -->
  <testcase classname="pim.PIM_01_Employee" name="Employee_04_Contact_Details" time="0.0">
    <ignored/>
  </testcase> <!-- Employee_04_Contact_Details -->
  <testcase classname="pim.PIM_01_Employee" name="Employee_11_Qualifications" time="0.0">
    <ignored/>
  </testcase> <!-- Employee_11_Qualifications -->
  <testcase classname="pim.PIM_01_Employee" name="Employee_02_Personal_Details" time="0.0">
    <ignored/>
  </testcase> <!-- Employee_02_Personal_Details -->
  <testcase classname="pim.PIM_01_Employee" name="Employee_07_Immigration" time="0.0">
    <ignored/>
  </testcase> <!-- Employee_07_Immigration -->
  <testcase classname="pim.PIM_01_Employee" name="Employee_03_Upload_Avatar" time="0.0">
    <ignored/>
  </testcase> <!-- Employee_03_Upload_Avatar -->
</testsuite> <!-- orangehrm-selenium -->
