<?xml version="1.0" encoding="UTF-8"?>
<testsuite xmlns:xsi="http://www.w3.org/2001/XMLSchema-instance" xsi:noNamespaceSchemaLocation="https://maven.apache.org/surefire/maven-surefire-plugin/xsd/surefire-test-report-3.0.xsd" version="3.0" name="cucumberOptions.TestRunner" time="73.742" tests="8" errors="0" skipped="0" failures="0">
  <properties>
[...]
</properties>
  <testcase name="runScenario[&quot;Log into to OrangeHRM site as Admin role successfully&quot;, &quot;Login to OrangeHRM site&quot;](1)" classname="cucumberOptions.TestRunner" time="8.65">
    <system-out><![CDATA[
@run
Scenario: Log into to OrangeHRM site as Admin role successfully # src/test/java/features/01_login.feature:4
2024-12-08 15:22:46,170 main ERROR Error processing element TestNGAppender ([Appenders: null]): CLASS_NOT_FOUND
2024-12-08 15:22:46,243 main ERROR Unable to locate appender "TestAppender" for logger config "root"
Browser name run by command line = null
[08-12-2024 15:22:46.303 INFO cucumberOptions.Hooks] - TestContext initialized
[08-12-2024 15:22:50.831 INFO cucumberOptions.Hooks] - Opened URL for environment [demo]: https://opensource-demo.orangehrmlive.com/web/index.php/auth/login
[08-12-2024 15:22:50.903 INFO cucumberOptions.Hooks] - ------------- Started the browser -------------
  Given Open the application URL                                # stepDefinitions.LoginPageSteps.openTheApplicationURL()
  When Log into OrangeHRM site as Admin role                    # stepDefinitions.LoginPageSteps.loginToTheAdminPage()
Browser name run by command line = null
  Then The "Dashboard" page will displayed                      # stepDefinitions.CommonPageSteps.thePageWillDisplayed(java.lang.String)
]]></system-out>
    <system-err><![CDATA[SLF4J(W): No SLF4J providers were found.
SLF4J(W): Defaulting to no-operation (NOP) logger implementation
SLF4J(W): See https://www.slf4j.org/codes.html#noProviders for further details.
Dec 08, 2024 3:22:47 PM org.openqa.selenium.devtools.CdpVersionFinder findNearestMatch
WARNING: Unable to find CDP implementation matching 131
Dec 08, 2024 3:22:47 PM org.openqa.selenium.chromium.ChromiumDriver lambda$new$5
WARNING: Unable to find version of CDP to use for 131.0.6778.109. You may need to include a dependency on a specific version of the CDP using something similar to `org.seleniumhq.selenium:selenium-devtools-v86:4.21.0` where the version ("v86") matches the version of the chromium-based browser you're using and the version number of the artifact is the same as Selenium's.
]]></system-err>
  </testcase>
  <testcase name="runScenario[&quot;Add new Employee&quot;, &quot;Add new Employee&quot;](2)" classname="cucumberOptions.TestRunner" time="12.813">
    <system-out><![CDATA[
@run
Scenario Outline: Add new Employee                                    # src/test/java/features/05_pim_employee.feature:26
Browser name run by command line = null
  Given Open "PIM" in main menu                                       # stepDefinitions.CommonPageSteps.openMainMenu(java.lang.String)
  And Navigate to "Add Employee" page in header menu                  # stepDefinitions.CommonPageSteps.navigateToPageInHeaderMenu(java.lang.String)
  When Input to "firstName" textbox name with value "John"            # stepDefinitions.CommonPageSteps.inputToTextboxNameWithValue(java.lang.String,java.lang.String)
  And Input to "lastName" textbox name with value "Brown"             # stepDefinitions.CommonPageSteps.inputToTextboxNameWithValue(java.lang.String,java.lang.String)
  And Remember "Employee Id"                                          # stepDefinitions.CommonPageSteps.remember(java.lang.String)
  And Click to "Save" button                                          # stepDefinitions.CommonPageSteps.clickToButton(java.lang.String)
  Then Success message "Successfully Saved" displayed                 # stepDefinitions.CommonPageSteps.successMessageDisplayed(java.lang.String)
  And wait a second                                                   # stepDefinitions.CommonPageSteps.waitForASecond()
  And wait a second                                                   # stepDefinitions.CommonPageSteps.waitForASecond()
  And Verify "firstName" textbox name displays "John"                 # stepDefinitions.CommonPageSteps.verifyTextboxNameDisplays(java.lang.String,java.lang.String)
  And Verify "lastName" textbox name displays "Brown"                 # stepDefinitions.CommonPageSteps.verifyTextboxNameDisplays(java.lang.String,java.lang.String)
  And Verify "Employee Id" textbox text displays "001"                # stepDefinitions.CommonPageSteps.verifyTextboxTextDisplays(java.lang.String,java.lang.String)
  When Navigate to "Employee List" page in header menu                # stepDefinitions.CommonPageSteps.navigateToPageInHeaderMenu(java.lang.String)
  And Input to "Employee Id" textbox with value "001"                 # stepDefinitions.CommonPageSteps.inputToTextboxWithValue(java.lang.String,java.lang.String)
  And Click to "Search" button                                        # stepDefinitions.CommonPageSteps.clickToButton(java.lang.String)
  Then Verify the column "Id" displays value "001"                    # stepDefinitions.CommonPageSteps.verifyTheValueDisplayedAtTheColumn(java.lang.String,java.lang.String)
  And Verify the column "First (& Middle) Name" displays value "John" # stepDefinitions.CommonPageSteps.verifyTheValueDisplayedAtTheColumn(java.lang.String,java.lang.String)
  And Verify the column "Last Name" displays value "Brown"            # stepDefinitions.CommonPageSteps.verifyTheValueDisplayedAtTheColumn(java.lang.String,java.lang.String)
]]></system-out>
  </testcase>
  <testcase name="runScenario[&quot;Update Personal Details for employee&quot;, &quot;Add new Employee&quot;](3)" classname="cucumberOptions.TestRunner" time="11.236">
    <system-out><![CDATA[
@run
Scenario Outline: Update Personal Details for employee                # src/test/java/features/05_pim_employee.feature:49
Browser name run by command line = null
  Given Verify the column "Id" displays value "001"                   # stepDefinitions.CommonPageSteps.verifyTheValueDisplayedAtTheColumn(java.lang.String,java.lang.String)
  And Verify the column "First (& Middle) Name" displays value "John" # stepDefinitions.CommonPageSteps.verifyTheValueDisplayedAtTheColumn(java.lang.String,java.lang.String)
  And Verify the column "Last Name" displays value "Brown"            # stepDefinitions.CommonPageSteps.verifyTheValueDisplayedAtTheColumn(java.lang.String,java.lang.String)
Browser name run by command line = null
  When Click on the "bi-pencil-fill" icon of employee has ID "001"    # stepDefinitions.PIM.EmployeeListPageSteps.clickToIcon(java.lang.String,java.lang.String)
  And The "Personal Details" page will displayed                      # stepDefinitions.CommonPageSteps.thePageWillDisplayed(java.lang.String)
  Then Verify "firstName" textbox name displays "John"                # stepDefinitions.CommonPageSteps.verifyTextboxNameDisplays(java.lang.String,java.lang.String)
  And Verify "lastName" textbox name displays "Brown"                 # stepDefinitions.CommonPageSteps.verifyTextboxNameDisplays(java.lang.String,java.lang.String)
  And Verify "Employee Id" textbox text displays "001"                # stepDefinitions.CommonPageSteps.verifyTextboxTextDisplays(java.lang.String,java.lang.String)
Browser name run by command line = null
  When Input Personal Detail information with data                    # stepDefinitions.PIM.PersonalDetailsPageSteps.inputPersonalDetailInformationWithData(io.cucumber.datatable.DataTable)
    | licenseNumber | licenseExpiryDate | nationality | maritalStatus | dateOfBirth | gender |
    | D08954796     | 2024-01-03        | American    | Married       | 1998-03-02  | Male   |
  And Click to Save button of "Personal Details"                      # stepDefinitions.CommonPageSteps.clickToSaveButtonWithHeaderName(java.lang.String)
  Then Success message "Successfully Updated" displayed               # stepDefinitions.CommonPageSteps.successMessageDisplayed(java.lang.String)
  And wait a second                                                   # stepDefinitions.CommonPageSteps.waitForASecond()
  And Personal Detail information displayed correct as input          # stepDefinitions.PIM.PersonalDetailsPageSteps.personalDetailInformationDisplayedCorrect(io.cucumber.datatable.DataTable)
    | licenseNumber | licenseExpiryDate | nationality | maritalStatus | dateOfBirth | gender |
    | D08954796     | 2024-01-03        | American    | Married       | 1998-03-02  | Male   |
]]></system-out>
  </testcase>
  <testcase name="runScenario[&quot;Upload Avatar for employee&quot;, &quot;Add new Employee&quot;](4)" classname="cucumberOptions.TestRunner" time="7.925">
    <system-out><![CDATA[
@run
Scenario Outline: Upload Avatar for employee            # src/test/java/features/05_pim_employee.feature:62
Browser name run by command line = null
  Given Click to Avatar picture                         # stepDefinitions.PIM.PersonalDetailsPageSteps.clickToAvatarPicture()
Browser name run by command line = null
  And The "Change Profile Picture" page will displayed  # stepDefinitions.CommonPageSteps.thePageWillDisplayed(java.lang.String)
Browser name run by command line = null
  When Upload Avatar picture "image01.jpg"              # stepDefinitions.PIM.ChangeProfilePicturePageSteps.uploadAvatarPicture(java.lang.String)
  Then Avatar picture "image01.jpg" loaded successfully # stepDefinitions.PIM.ChangeProfilePicturePageSteps.AvatarLoadedSuccess(java.lang.String)
  When Click to "Save" button                           # stepDefinitions.CommonPageSteps.clickToButton(java.lang.String)
  Then Success message "Successfully Updated" displayed # stepDefinitions.CommonPageSteps.successMessageDisplayed(java.lang.String)
  And wait a second                                     # stepDefinitions.CommonPageSteps.waitForASecond()
]]></system-out>
  </testcase>
  <testcase name="runScenario[&quot;Update Contact Details for employee&quot;, &quot;Add new Employee&quot;](5)" classname="cucumberOptions.TestRunner" time="9.866">
    <system-out><![CDATA[
@run
Scenario Outline: Update Contact Details for employee       # src/test/java/features/05_pim_employee.feature:79
Browser name run by command line = null
  Given Navigate to "Contact Details" page in header menu   # stepDefinitions.CommonPageSteps.navigateToPageInHeaderMenu(java.lang.String)
  And The "Contact Details" page will displayed             # stepDefinitions.CommonPageSteps.thePageWillDisplayed(java.lang.String)
Browser name run by command line = null
  When Input Contact Detail information with data           # stepDefinitions.PIM.ContactDetailsPageSteps.inputContactDetailInformationWithData(io.cucumber.datatable.DataTable)
    | street1            | city   | stateOrProvince | zipOrPostalCode | country       | mobile       | workEmail |
    | 2406 Valley Street | Camden | New Jersey      | 08102           | United States | 856-898-7280 | johnBrown |
  And Click to "Save" button                                # stepDefinitions.CommonPageSteps.clickToButton(java.lang.String)
  Then Success message "Successfully Updated" displayed     # stepDefinitions.CommonPageSteps.successMessageDisplayed(java.lang.String)
  And wait a second                                         # stepDefinitions.CommonPageSteps.waitForASecond()
  And Contact Detail information displayed correct as input # stepDefinitions.PIM.ContactDetailsPageSteps.contactDetailInformationDisplayedCorrect(io.cucumber.datatable.DataTable)
    | street1            | city   | stateOrProvince | zipOrPostalCode | country       | mobile       | workEmail |
    | 2406 Valley Street | Camden | New Jersey      | 08102           | United States | 856-898-7280 | johnBrown |
]]></system-out>
  </testcase>
  <testcase name="runScenario[&quot;Update Emergency Contacts for employee&quot;, &quot;Add new Employee&quot;](6)" classname="cucumberOptions.TestRunner" time="5.956">
    <system-out><![CDATA[
@run
Scenario Outline: Update Emergency Contacts for employee           # src/test/java/features/05_pim_employee.feature:97
Browser name run by command line = null
  Given Navigate to "Emergency Contacts" page in header menu       # stepDefinitions.CommonPageSteps.navigateToPageInHeaderMenu(java.lang.String)
  And Click to "Add" button of label "Assigned Emergency Contacts" # stepDefinitions.CommonPageSteps.clickToButtonOfLabel(java.lang.String,java.lang.String)
  And The "Save Emergency Contact" page will displayed             # stepDefinitions.CommonPageSteps.thePageWillDisplayed(java.lang.String)
Browser name run by command line = null
  When Input Emergency Contacts information with data              # stepDefinitions.PIM.EmergencyContactsPageSteps.inputEmergencyContactInformationWithData(io.cucumber.datatable.DataTable)
    | emergencyContactName | emergencyRelationship | emergencyContactMobile |
    | Anna Faris           | Wife                  | 678-399-4725           |
  And Click to "Save" button                                       # stepDefinitions.CommonPageSteps.clickToButton(java.lang.String)
  Then Success message "Successfully Saved" displayed              # stepDefinitions.CommonPageSteps.successMessageDisplayed(java.lang.String)
  And wait a second                                                # stepDefinitions.CommonPageSteps.waitForASecond()
  And Emergency Contacts information displayed correct as input    # stepDefinitions.PIM.EmergencyContactsPageSteps.emergencyContactInformationDisplayedCorrect(io.cucumber.datatable.DataTable)
    | emergencyContactName | emergencyRelationship | emergencyContactMobile |
    | Anna Faris           | Wife                  | 678-399-4725           |
]]></system-out>
  </testcase>
  <testcase name="runScenario[&quot;Update Dependents for employee&quot;, &quot;Add new Employee&quot;](7)" classname="cucumberOptions.TestRunner" time="8.07">
    <system-out><![CDATA[
@run
Scenario Outline: Update Dependents for employee                                                  # src/test/java/features/05_pim_employee.feature:115
Browser name run by command line = null
  Given Navigate to "Dependents" page in header menu                                              # stepDefinitions.CommonPageSteps.navigateToPageInHeaderMenu(java.lang.String)
  And Click to "Add" button of label "Assigned Dependents"                                        # stepDefinitions.CommonPageSteps.clickToButtonOfLabel(java.lang.String,java.lang.String)
  And The "Add Dependent" page will displayed                                                     # stepDefinitions.CommonPageSteps.thePageWillDisplayed(java.lang.String)
  When Input to "Name" textbox with value "Rosy Brown"                                            # stepDefinitions.CommonPageSteps.inputToTextboxWithValue(java.lang.String,java.lang.String)
  And Select item "Child" in dropdown "Relationship"                                              # stepDefinitions.CommonPageSteps.selectItemInDropdown(java.lang.String,java.lang.String)
  And Input to "Date of Birth" textbox with value "2022-07-04"                                    # stepDefinitions.CommonPageSteps.inputToTextboxWithValue(java.lang.String,java.lang.String)
  And Click to "Save" button                                                                      # stepDefinitions.CommonPageSteps.clickToButton(java.lang.String)
  Then Success message "Successfully Saved" displayed                                             # stepDefinitions.CommonPageSteps.successMessageDisplayed(java.lang.String)
  And wait a second                                                                               # stepDefinitions.CommonPageSteps.waitForASecond()
  And Verify the table "Assigned Dependents" - column "Name" displays value "Rosy Brown"          # stepDefinitions.CommonPageSteps.verifyTheValueDisplayedAtTheColumnInTable(java.lang.String,java.lang.String,java.lang.String)
  And Verify the table "Assigned Dependents" - column "Relationship" displays value "Child"       # stepDefinitions.CommonPageSteps.verifyTheValueDisplayedAtTheColumnInTable(java.lang.String,java.lang.String,java.lang.String)
  And Verify the table "Assigned Dependents" - column "Date of Birth" displays value "2022-07-04" # stepDefinitions.CommonPageSteps.verifyTheValueDisplayedAtTheColumnInTable(java.lang.String,java.lang.String,java.lang.String)
]]></system-out>
  </testcase>
  <testcase name="runScenario[&quot;Update Immigration for employee&quot;, &quot;Add new Employee&quot;](8)" classname="cucumberOptions.TestRunner" time="8.267">
    <system-out><![CDATA[
@run
Scenario Outline: Update Immigration for employee                   # src/test/java/features/05_pim_employee.feature:133
Browser name run by command line = null
  Given Navigate to "Immigration" page in header menu               # stepDefinitions.CommonPageSteps.navigateToPageInHeaderMenu(java.lang.String)
  And Click to "Add" button of label "Assigned Immigration Records" # stepDefinitions.CommonPageSteps.clickToButtonOfLabel(java.lang.String,java.lang.String)
  And The "Add Immigration" page will displayed                     # stepDefinitions.CommonPageSteps.thePageWillDisplayed(java.lang.String)
Browser name run by command line = null
  When Input Immigration information with data                      # stepDefinitions.PIM.ImmigrationPageSteps.inputImmigrationInformationWithData(io.cucumber.datatable.DataTable)
    | documentType | docNumber | issuedDate | expiryDate | issuedBy      | eligibleReviewDate |
    | Passport     | 422016774 | 2017-24-12 | 2027-23-12 | United States | 2023-23-12         |
  And Click to "Save" button                                        # stepDefinitions.CommonPageSteps.clickToButton(java.lang.String)
  Then Success message "Successfully Saved" displayed               # stepDefinitions.CommonPageSteps.successMessageDisplayed(java.lang.String)
  And wait a second                                                 # stepDefinitions.CommonPageSteps.waitForASecond()
  And Immigration information displayed correct as input            # stepDefinitions.PIM.ImmigrationPageSteps.immigrationInformationDisplayedCorrect(io.cucumber.datatable.DataTable)
    | documentType | docNumber | issuedDate | expiryDate | issuedBy      | eligibleReviewDate |
    | Passport     | 422016774 | 2017-24-12 | 2027-23-12 | United States | 2023-23-12         |
]]></system-out>
  </testcase>
</testsuite>