<?xml version="1.0" encoding="UTF-8"?>
<testng-results ignored="0" total="8" passed="8" failed="0" skipped="0">
  <reporter-output>
  </reporter-output>
  <suite started-at="2024-12-08T15:22:45 ICT" name="Surefire suite" finished-at="2024-12-08T15:23:58 ICT" duration-ms="73381">
    <groups>
      <group name="cucumber">
        <method signature="AbstractTestNGCucumberTests.runScenario(io.cucumber.testng.PickleWrapper,io.cucumber.testng.FeatureWrapper)[pri:0, instance:cucumberOptions.TestRunner@3d51f06e]" name="runScenario" class="io.cucumber.testng.AbstractTestNGCucumberTests"/>
      </group> <!-- cucumber -->
    </groups>
    <test started-at="2024-12-08T15:22:45 ICT" name="Surefire test" finished-at="2024-12-08T15:23:58 ICT" duration-ms="73381">
      <class name="cucumberOptions.TestRunner">
        <test-method is-config="true" signature="setUpClass(org.testng.ITestContext)[pri:0, instance:cucumberOptions.TestRunner@3d51f06e]" started-at="2024-12-08T15:22:45 ICT" name="setUpClass" finished-at="2024-12-08T15:22:45 ICT" duration-ms="515" status="PASS">
          <params>
            <param index="0">
              <value>
                <![CDATA[org.testng.TestRunner@213bd8f0]]>
              </value>
            </param>
          </params>
          <reporter-output>
          </reporter-output>
        </test-method> <!-- setUpClass -->
        <test-method signature="runScenario(io.cucumber.testng.PickleWrapper,io.cucumber.testng.FeatureWrapper)[pri:0, instance:cucumberOptions.TestRunner@3d51f06e]" started-at="2024-12-08T15:22:45 ICT" name="runScenario" description="Runs Cucumber Scenarios" data-provider="scenarios" finished-at="2024-12-08T15:22:54 ICT" duration-ms="8650" status="PASS">
          <params>
            <param index="0">
              <value>
                <![CDATA["Log into to OrangeHRM site as Admin role successfully"]]>
              </value>
            </param>
            <param index="1">
              <value>
                <![CDATA["Login to OrangeHRM site"]]>
              </value>
            </param>
          </params>
          <reporter-output>
          </reporter-output>
        </test-method> <!-- runScenario -->
        <test-method signature="runScenario(io.cucumber.testng.PickleWrapper,io.cucumber.testng.FeatureWrapper)[pri:0, instance:cucumberOptions.TestRunner@3d51f06e]" started-at="2024-12-08T15:22:54 ICT" name="runScenario" description="Runs Cucumber Scenarios" data-provider="scenarios" finished-at="2024-12-08T15:23:07 ICT" duration-ms="12815" status="PASS">
          <params>
            <param index="0">
              <value>
                <![CDATA["Add new Employee"]]>
              </value>
            </param>
            <param index="1">
              <value>
                <![CDATA["Add new Employee"]]>
              </value>
            </param>
          </params>
          <reporter-output>
          </reporter-output>
        </test-method> <!-- runScenario -->
        <test-method signature="runScenario(io.cucumber.testng.PickleWrapper,io.cucumber.testng.FeatureWrapper)[pri:0, instance:cucumberOptions.TestRunner@3d51f06e]" started-at="2024-12-08T15:23:07 ICT" name="runScenario" description="Runs Cucumber Scenarios" data-provider="scenarios" finished-at="2024-12-08T15:23:18 ICT" duration-ms="11236" status="PASS">
          <params>
            <param index="0">
              <value>
                <![CDATA["Update Personal Details for employee"]]>
              </value>
            </param>
            <param index="1">
              <value>
                <![CDATA["Add new Employee"]]>
              </value>
            </param>
          </params>
          <reporter-output>
          </reporter-output>
        </test-method> <!-- runScenario -->
        <test-method signature="runScenario(io.cucumber.testng.PickleWrapper,io.cucumber.testng.FeatureWrapper)[pri:0, instance:cucumberOptions.TestRunner@3d51f06e]" started-at="2024-12-08T15:23:18 ICT" name="runScenario" description="Runs Cucumber Scenarios" data-provider="scenarios" finished-at="2024-12-08T15:23:26 ICT" duration-ms="7926" status="PASS">
          <params>
            <param index="0">
              <value>
                <![CDATA["Upload Avatar for employee"]]>
              </value>
            </param>
            <param index="1">
              <value>
                <![CDATA["Add new Employee"]]>
              </value>
            </param>
          </params>
          <reporter-output>
          </reporter-output>
        </test-method> <!-- runScenario -->
        <test-method signature="runScenario(io.cucumber.testng.PickleWrapper,io.cucumber.testng.FeatureWrapper)[pri:0, instance:cucumberOptions.TestRunner@3d51f06e]" started-at="2024-12-08T15:23:26 ICT" name="runScenario" description="Runs Cucumber Scenarios" data-provider="scenarios" finished-at="2024-12-08T15:23:36 ICT" duration-ms="9867" status="PASS">
          <params>
            <param index="0">
              <value>
                <![CDATA["Update Contact Details for employee"]]>
              </value>
            </param>
            <param index="1">
              <value>
                <![CDATA["Add new Employee"]]>
              </value>
            </param>
          </params>
          <reporter-output>
          </reporter-output>
        </test-method> <!-- runScenario -->
        <test-method signature="runScenario(io.cucumber.testng.PickleWrapper,io.cucumber.testng.FeatureWrapper)[pri:0, instance:cucumberOptions.TestRunner@3d51f06e]" started-at="2024-12-08T15:23:36 ICT" name="runScenario" description="Runs Cucumber Scenarios" data-provider="scenarios" finished-at="2024-12-08T15:23:42 ICT" duration-ms="5957" status="PASS">
          <params>
            <param index="0">
              <value>
                <![CDATA["Update Emergency Contacts for employee"]]>
              </value>
            </param>
            <param index="1">
              <value>
                <![CDATA["Add new Employee"]]>
              </value>
            </param>
          </params>
          <reporter-output>
          </reporter-output>
        </test-method> <!-- runScenario -->
        <test-method signature="runScenario(io.cucumber.testng.PickleWrapper,io.cucumber.testng.FeatureWrapper)[pri:0, instance:cucumberOptions.TestRunner@3d51f06e]" started-at="2024-12-08T15:23:42 ICT" name="runScenario" description="Runs Cucumber Scenarios" data-provider="scenarios" finished-at="2024-12-08T15:23:50 ICT" duration-ms="8070" status="PASS">
          <params>
            <param index="0">
              <value>
                <![CDATA["Update Dependents for employee"]]>
              </value>
            </param>
            <param index="1">
              <value>
                <![CDATA["Add new Employee"]]>
              </value>
            </param>
          </params>
          <reporter-output>
          </reporter-output>
        </test-method> <!-- runScenario -->
        <test-method signature="runScenario(io.cucumber.testng.PickleWrapper,io.cucumber.testng.FeatureWrapper)[pri:0, instance:cucumberOptions.TestRunner@3d51f06e]" started-at="2024-12-08T15:23:50 ICT" name="runScenario" description="Runs Cucumber Scenarios" data-provider="scenarios" finished-at="2024-12-08T15:23:58 ICT" duration-ms="8267" status="PASS">
          <params>
            <param index="0">
              <value>
                <![CDATA["Update Immigration for employee"]]>
              </value>
            </param>
            <param index="1">
              <value>
                <![CDATA["Add new Employee"]]>
              </value>
            </param>
          </params>
          <reporter-output>
          </reporter-output>
        </test-method> <!-- runScenario -->
        <test-method is-config="true" signature="tearDownClass()[pri:0, instance:cucumberOptions.TestRunner@3d51f06e]" started-at="2024-12-08T15:23:58 ICT" name="tearDownClass" finished-at="2024-12-08T15:23:58 ICT" duration-ms="42" status="PASS">
          <reporter-output>
          </reporter-output>
        </test-method> <!-- tearDownClass -->
      </class> <!-- cucumberOptions.TestRunner -->
    </test> <!-- Surefire test -->
  </suite> <!-- Surefire suite -->
</testng-results>
