<?xml version="1.0" encoding="UTF-8"?>
<testsuite xmlns:xsi="http://www.w3.org/2001/XMLSchema-instance" xsi:noNamespaceSchemaLocation="https://maven.apache.org/surefire/maven-surefire-plugin/xsd/surefire-test-report-3.0.xsd" version="3.0" name="cucumberOptions.TestRunner" time="186.49" tests="14" errors="0" skipped="0" failures="3">
  <properties>
[...]
</properties>
  <testcase name="runScenario[&quot;Log into to OrangeHRM site as Admin role successfully&quot;, &quot;Login to OrangeHRM site&quot;](1)" classname="cucumberOptions.TestRunner" time="11.657">
    <system-out><![CDATA[
@run
Scenario: Log into to OrangeHRM site as Admin role successfully # src/test/java/features/01_login.feature:4
2024-12-08 22:14:40,187 main ERROR Error processing element TestNGAppender ([Appenders: null]): CLASS_NOT_FOUND
2024-12-08 22:14:40,242 main ERROR Unable to locate appender "TestAppender" for logger config "root"
Browser name run by command line = null
[08-12-2024 22:14:40.299 INFO cucumberOptions.Hooks] - TestContext initialized
[08-12-2024 22:14:45.276 INFO cucumberOptions.Hooks] - Opened URL for environment [demo]: https://opensource-demo.orangehrmlive.com/web/index.php/auth/login
[08-12-2024 22:14:45.344 INFO cucumberOptions.Hooks] - ------------- Started the browser -------------
  Given Open the application URL                                # stepDefinitions.LoginPageSteps.openTheApplicationURL()
  When Log into OrangeHRM site as Admin role                    # stepDefinitions.LoginPageSteps.loginToTheAdminPage()
Browser name run by command line = null
  Then The "Dashboard" page will displayed                      # stepDefinitions.CommonPageSteps.thePageWillDisplayed(java.lang.String)
]]></system-out>
    <system-err><![CDATA[SLF4J(W): No SLF4J providers were found.
SLF4J(W): Defaulting to no-operation (NOP) logger implementation
SLF4J(W): See https://www.slf4j.org/codes.html#noProviders for further details.
Dec 08, 2024 10:14:41 PM org.openqa.selenium.devtools.CdpVersionFinder findNearestMatch
WARNING: Unable to find CDP implementation matching 131
Dec 08, 2024 10:14:41 PM org.openqa.selenium.chromium.ChromiumDriver lambda$new$5
WARNING: Unable to find version of CDP to use for 131.0.6778.109. You may need to include a dependency on a specific version of the CDP using something similar to `org.seleniumhq.selenium:selenium-devtools-v86:4.21.0` where the version ("v86") matches the version of the chromium-based browser you're using and the version number of the artifact is the same as Selenium's.
]]></system-err>
  </testcase>
  <testcase name="runScenario[&quot;Add new Job Title fail when input empty data&quot;, &quot;Add new Job Title&quot;](2)" classname="cucumberOptions.TestRunner" time="6.155">
    <system-out><![CDATA[
Scenario: Add new Job Title fail when input empty data              # src/test/java/features/02_admin_job_titles.feature:4
Browser name run by command line = null
  Given Open "Admin" in main menu                                   # stepDefinitions.CommonPageSteps.openMainMenu(java.lang.String)
  And Navigate to "Job Titles" page in header menu "Job"            # stepDefinitions.CommonPageSteps.openPage(java.lang.String,java.lang.String)
  When Click to "Add" button                                        # stepDefinitions.CommonPageSteps.clickToButton(java.lang.String)
  And Click to "Save" button                                        # stepDefinitions.CommonPageSteps.clickToButton(java.lang.String)
  Then Error Message "Required" displayed under "Job Title" textbox # stepDefinitions.CommonPageSteps.errorMessageDisplayedUnderTextbox(java.lang.String,java.lang.String)
]]></system-out>
  </testcase>
  <testcase name="runScenario[&quot;Add new Job Title successfully&quot;, &quot;Add new Job Title&quot;](3)" classname="cucumberOptions.TestRunner" time="14.362">
    <system-out><![CDATA[
Scenario Outline: Add new Job Title successfully               # src/test/java/features/02_admin_job_titles.feature:25
Browser name run by command line = null
  Given Open "Admin" in main menu                              # stepDefinitions.CommonPageSteps.openMainMenu(java.lang.String)
  And Navigate to "Job Titles" page in header menu "Job"       # stepDefinitions.CommonPageSteps.openPage(java.lang.String,java.lang.String)
  When Click to "Add" button                                   # stepDefinitions.CommonPageSteps.clickToButton(java.lang.String)
  And Input to "Job Title" textbox with value "Tester"         # stepDefinitions.CommonPageSteps.inputToTextboxWithValue(java.lang.String,java.lang.String)
  And Upload a file for "Job Specification"                    # stepDefinitions.CommonPageSteps.uploadAFileFor(java.lang.String)
  And Verify file uploaded successfully in "Job Specification" # stepDefinitions.CommonPageSteps.verifyFileUploadedSuccessfully(java.lang.String)
  And Click to "Save" button                                   # stepDefinitions.CommonPageSteps.clickToButton(java.lang.String)
  Then Success message "Successfully Saved" displayed          # stepDefinitions.CommonPageSteps.successMessageDisplayed(java.lang.String)
  And wait a second                                            # stepDefinitions.CommonPageSteps.waitForASecond()
  And The column "Job Titles" will display value "Tester"      # stepDefinitions.CommonPageSteps.verifyTextDisplayedInTable(java.lang.String,java.lang.String)
]]></system-out>
  </testcase>
  <testcase name="runScenario[&quot;Add new Pay Grades fail when input empty data&quot;, &quot;Add new Pay Grades&quot;](4)" classname="cucumberOptions.TestRunner" time="5.276">
    <system-out><![CDATA[
Scenario: Add new Pay Grades fail when input empty data        # src/test/java/features/03_admin_pay_grades.feature:4
Browser name run by command line = null
  Given Open "Admin" in main menu                              # stepDefinitions.CommonPageSteps.openMainMenu(java.lang.String)
  And Navigate to "Pay Grades" page in header menu "Job"       # stepDefinitions.CommonPageSteps.openPage(java.lang.String,java.lang.String)
  When Click to "Add" button                                   # stepDefinitions.CommonPageSteps.clickToButton(java.lang.String)
  And Click to "Save" button                                   # stepDefinitions.CommonPageSteps.clickToButton(java.lang.String)
  Then Error Message "Required" displayed under "Name" textbox # stepDefinitions.CommonPageSteps.errorMessageDisplayedUnderTextbox(java.lang.String,java.lang.String)
]]></system-out>
  </testcase>
  <testcase name="runScenario[&quot;Add new Pay Grades successfully&quot;, &quot;Add new Pay Grades&quot;](5)" classname="cucumberOptions.TestRunner" time="17.871">
    <system-out><![CDATA[
Scenario Outline: Add new Pay Grades successfully                                            # src/test/java/features/03_admin_pay_grades.feature:33
Browser name run by command line = null
  Given Open "Admin" in main menu                                                            # stepDefinitions.CommonPageSteps.openMainMenu(java.lang.String)
  And Navigate to "Pay Grades" page in header menu "Job"                                     # stepDefinitions.CommonPageSteps.openPage(java.lang.String,java.lang.String)
  When Click to "Add" button                                                                 # stepDefinitions.CommonPageSteps.clickToButton(java.lang.String)
  And Input to "Name" textbox with value "1"                                                 # stepDefinitions.CommonPageSteps.inputToTextboxWithValue(java.lang.String,java.lang.String)
  And Click to "Save" button                                                                 # stepDefinitions.CommonPageSteps.clickToButton(java.lang.String)
  And wait a second                                                                          # stepDefinitions.CommonPageSteps.waitForASecond()
  And wait a second                                                                          # stepDefinitions.CommonPageSteps.waitForASecond()
  Then Verify "Name" textbox text displays "1"                                               # stepDefinitions.CommonPageSteps.verifyTextboxTextDisplays(java.lang.String,java.lang.String)
  And Click to "Add" button of label "Currencies"                                            # stepDefinitions.CommonPageSteps.clickToButtonOfLabel(java.lang.String,java.lang.String)
  And wait a second                                                                          # stepDefinitions.CommonPageSteps.waitForASecond()
  And The "Add Currency" page will displayed                                                 # stepDefinitions.CommonPageSteps.thePageWillDisplayed(java.lang.String)
  And Select item "USD - United States Dollar" in dropdown "Currency"                        # stepDefinitions.CommonPageSteps.selectItemInDropdown(java.lang.String,java.lang.String)
  And Click to Save button of "Add Currency"                                                 # stepDefinitions.CommonPageSteps.clickToSaveButtonWithHeaderName(java.lang.String)
  And wait a second                                                                          # stepDefinitions.CommonPageSteps.waitForASecond()
Browser name run by command line = null
  And Verify the table Currencies displays value "United States Dollar" at column "Currency" # stepDefinitions.Admin.PayGradePageSteps.verifyTheTableCurrenciesDisplaysValue(java.lang.String,java.lang.String)
  When Navigate to "Pay Grades" page in header menu "Job"                                    # stepDefinitions.CommonPageSteps.openPage(java.lang.String,java.lang.String)
  And The column "Name" will display value "1"                                               # stepDefinitions.CommonPageSteps.verifyTextDisplayedInTable(java.lang.String,java.lang.String)
  And The column "Currency" will display value "United States Dollar"                        # stepDefinitions.CommonPageSteps.verifyTextDisplayedInTable(java.lang.String,java.lang.String)
]]></system-out>
  </testcase>
  <testcase name="runScenario[&quot;Add new Employment Status fail when input empty data&quot;, &quot;Add new Employment Status&quot;](6)" classname="cucumberOptions.TestRunner" time="5.558">
    <system-out><![CDATA[
Scenario: Add new Employment Status fail when input empty data  # src/test/java/features/04_admin_employment_status.feature:4
Browser name run by command line = null
  Given Open "Admin" in main menu                               # stepDefinitions.CommonPageSteps.openMainMenu(java.lang.String)
  And Navigate to "Employment Status" page in header menu "Job" # stepDefinitions.CommonPageSteps.openPage(java.lang.String,java.lang.String)
  When Click to "Add" button                                    # stepDefinitions.CommonPageSteps.clickToButton(java.lang.String)
  And Click to "Save" button                                    # stepDefinitions.CommonPageSteps.clickToButton(java.lang.String)
  Then Error Message "Required" displayed under "Name" textbox  # stepDefinitions.CommonPageSteps.errorMessageDisplayedUnderTextbox(java.lang.String,java.lang.String)
]]></system-out>
  </testcase>
  <testcase name="runScenario[&quot;Add new Employment Status successfully&quot;, &quot;Add new Employment Status&quot;](7)" classname="cucumberOptions.TestRunner" time="10.875">
    <system-out><![CDATA[
Scenario Outline: Add new Employment Status successfully            # src/test/java/features/04_admin_employment_status.feature:23
Browser name run by command line = null
  Given Open "Admin" in main menu                                   # stepDefinitions.CommonPageSteps.openMainMenu(java.lang.String)
  And Navigate to "Employment Status" page in header menu "Job"     # stepDefinitions.CommonPageSteps.openPage(java.lang.String,java.lang.String)
  When Click to "Add" button                                        # stepDefinitions.CommonPageSteps.clickToButton(java.lang.String)
  And Input to "Name" textbox with value "full-time"                # stepDefinitions.CommonPageSteps.inputToTextboxWithValue(java.lang.String,java.lang.String)
  And Click to "Save" button                                        # stepDefinitions.CommonPageSteps.clickToButton(java.lang.String)
  Then Success message "Successfully Saved" displayed               # stepDefinitions.CommonPageSteps.successMessageDisplayed(java.lang.String)
  And wait a second                                                 # stepDefinitions.CommonPageSteps.waitForASecond()
  And The column "Employment Status" will display value "full-time" # stepDefinitions.CommonPageSteps.verifyTextDisplayedInTable(java.lang.String,java.lang.String)
]]></system-out>
  </testcase>
  <testcase name="runScenario[&quot;Add new Employee&quot;, &quot;Add new Employee&quot;](8)" classname="cucumberOptions.TestRunner" time="15.331">
    <system-out><![CDATA[
@run
Scenario Outline: Add new Employee                                    # src/test/java/features/05_pim_employee.feature:26
Browser name run by command line = null
  Given Open "PIM" in main menu                                       # stepDefinitions.CommonPageSteps.openMainMenu(java.lang.String)
  And Navigate to "Add Employee" page in header menu                  # stepDefinitions.CommonPageSteps.navigateToPageInHeaderMenu(java.lang.String)
  When Input to "firstName" textbox name with value "John"            # stepDefinitions.CommonPageSteps.inputToTextboxNameWithValue(java.lang.String,java.lang.String)
  And Input to "lastName" textbox name with value "Brown"             # stepDefinitions.CommonPageSteps.inputToTextboxNameWithValue(java.lang.String,java.lang.String)
  And Remember "Employee Id"                                          # stepDefinitions.CommonPageSteps.remember(java.lang.String)
  And Click to "Save" button                                          # stepDefinitions.CommonPageSteps.clickToButton(java.lang.String)
  Then Success message "Successfully Saved" displayed                 # stepDefinitions.CommonPageSteps.successMessageDisplayed(java.lang.String)
  And wait a second                                                   # stepDefinitions.CommonPageSteps.waitForASecond()
  And wait a second                                                   # stepDefinitions.CommonPageSteps.waitForASecond()
  And Verify "firstName" textbox name displays "John"                 # stepDefinitions.CommonPageSteps.verifyTextboxNameDisplays(java.lang.String,java.lang.String)
  And Verify "lastName" textbox name displays "Brown"                 # stepDefinitions.CommonPageSteps.verifyTextboxNameDisplays(java.lang.String,java.lang.String)
  And Verify "Employee Id" textbox text displays "001"                # stepDefinitions.CommonPageSteps.verifyTextboxTextDisplays(java.lang.String,java.lang.String)
  When Navigate to "Employee List" page in header menu                # stepDefinitions.CommonPageSteps.navigateToPageInHeaderMenu(java.lang.String)
  And Input to "Employee Id" textbox with value "001"                 # stepDefinitions.CommonPageSteps.inputToTextboxWithValue(java.lang.String,java.lang.String)
  And Click to "Search" button                                        # stepDefinitions.CommonPageSteps.clickToButton(java.lang.String)
  Then Verify the column "Id" displays value "001"                    # stepDefinitions.CommonPageSteps.verifyTheValueDisplayedAtTheColumn(java.lang.String,java.lang.String)
  And Verify the column "First (& Middle) Name" displays value "John" # stepDefinitions.CommonPageSteps.verifyTheValueDisplayedAtTheColumn(java.lang.String,java.lang.String)
  And Verify the column "Last Name" displays value "Brown"            # stepDefinitions.CommonPageSteps.verifyTheValueDisplayedAtTheColumn(java.lang.String,java.lang.String)
]]></system-out>
  </testcase>
  <testcase name="runScenario[&quot;Update Personal Details for employee&quot;, &quot;Add new Employee&quot;](9)" classname="cucumberOptions.TestRunner" time="13.963">
    <failure message="License Expiry Date mismatch expected [2024-01-03] but found [2024/01/03]" type="java.lang.AssertionError"><![CDATA[java.lang.AssertionError: License Expiry Date mismatch expected [2024-01-03] but found [2024/01/03]
	at org.testng.Assert.fail(Assert.java:111)
	at org.testng.Assert.failNotEquals(Assert.java:1578)
	at org.testng.Assert.assertEqualsImpl(Assert.java:150)
	at org.testng.Assert.assertEquals(Assert.java:132)
	at org.testng.Assert.assertEquals(Assert.java:656)
	at stepDefinitions.PIM.PersonalDetailsPageSteps.personalDetailInformationDisplayedCorrect(PersonalDetailsPageSteps.java:40)
	at ✽.Personal Detail information displayed correct as input(file:///D:/Automation%20testing/03%20-%20Java%20Hybrid%20Framework/orangehrm-selenium-cucumber/src/test/java/features/05_pim_employee.feature:43)
]]></failure>
    <system-out><![CDATA[
@run
Scenario Outline: Update Personal Details for employee                # src/test/java/features/05_pim_employee.feature:49
Browser name run by command line = null
  Given Verify the column "Id" displays value "001"                   # stepDefinitions.CommonPageSteps.verifyTheValueDisplayedAtTheColumn(java.lang.String,java.lang.String)
  And Verify the column "First (& Middle) Name" displays value "John" # stepDefinitions.CommonPageSteps.verifyTheValueDisplayedAtTheColumn(java.lang.String,java.lang.String)
  And Verify the column "Last Name" displays value "Brown"            # stepDefinitions.CommonPageSteps.verifyTheValueDisplayedAtTheColumn(java.lang.String,java.lang.String)
Browser name run by command line = null
  When Click on the "bi-pencil-fill" icon of employee has ID "001"    # stepDefinitions.PIM.EmployeeListPageSteps.clickToIcon(java.lang.String,java.lang.String)
  And The "Personal Details" page will displayed                      # stepDefinitions.CommonPageSteps.thePageWillDisplayed(java.lang.String)
  Then Verify "firstName" textbox name displays "John"                # stepDefinitions.CommonPageSteps.verifyTextboxNameDisplays(java.lang.String,java.lang.String)
  And Verify "lastName" textbox name displays "Brown"                 # stepDefinitions.CommonPageSteps.verifyTextboxNameDisplays(java.lang.String,java.lang.String)
  And Verify "Employee Id" textbox text displays "001"                # stepDefinitions.CommonPageSteps.verifyTextboxTextDisplays(java.lang.String,java.lang.String)
Browser name run by command line = null
  When Input Personal Detail information with data                    # stepDefinitions.PIM.PersonalDetailsPageSteps.inputPersonalDetailInformationWithData(io.cucumber.datatable.DataTable)
    | licenseNumber | licenseExpiryDate | nationality | maritalStatus | dateOfBirth | gender |
    | D08954796     | 2024-01-03        | American    | Married       | 1998-03-02  | Male   |
  And Click to Save button of "Personal Details"                      # stepDefinitions.CommonPageSteps.clickToSaveButtonWithHeaderName(java.lang.String)
  Then Success message "Successfully Updated" displayed               # stepDefinitions.CommonPageSteps.successMessageDisplayed(java.lang.String)
  And wait a second                                                   # stepDefinitions.CommonPageSteps.waitForASecond()
  And Personal Detail information displayed correct as input          # stepDefinitions.PIM.PersonalDetailsPageSteps.personalDetailInformationDisplayedCorrect(io.cucumber.datatable.DataTable)
    | licenseNumber | licenseExpiryDate | nationality | maritalStatus | dateOfBirth | gender |
    | D08954796     | 2024-01-03        | American    | Married       | 1998-03-02  | Male   |
      java.lang.AssertionError: License Expiry Date mismatch expected [2024-01-03] but found [2024/01/03]
	at org.testng.Assert.fail(Assert.java:111)
	at org.testng.Assert.failNotEquals(Assert.java:1578)
	at org.testng.Assert.assertEqualsImpl(Assert.java:150)
	at org.testng.Assert.assertEquals(Assert.java:132)
	at org.testng.Assert.assertEquals(Assert.java:656)
	at stepDefinitions.PIM.PersonalDetailsPageSteps.personalDetailInformationDisplayedCorrect(PersonalDetailsPageSteps.java:40)
	at âœ½.Personal Detail information displayed correct as input(file:///D:/Automation%20testing/03%20-%20Java%20Hybrid%20Framework/orangehrm-selenium-cucumber/src/test/java/features/05_pim_employee.feature:43)

]]></system-out>
  </testcase>
  <testcase name="runScenario[&quot;Upload Avatar for employee&quot;, &quot;Add new Employee&quot;](10)" classname="cucumberOptions.TestRunner" time="8.373">
    <system-out><![CDATA[
@run
Scenario Outline: Upload Avatar for employee            # src/test/java/features/05_pim_employee.feature:62
Browser name run by command line = null
  Given Click to Avatar picture                         # stepDefinitions.PIM.PersonalDetailsPageSteps.clickToAvatarPicture()
Browser name run by command line = null
  And The "Change Profile Picture" page will displayed  # stepDefinitions.CommonPageSteps.thePageWillDisplayed(java.lang.String)
Browser name run by command line = null
  When Upload Avatar picture "image01.jpg"              # stepDefinitions.PIM.ChangeProfilePicturePageSteps.uploadAvatarPicture(java.lang.String)
  Then Avatar picture "image01.jpg" loaded successfully # stepDefinitions.PIM.ChangeProfilePicturePageSteps.AvatarLoadedSuccess(java.lang.String)
  When Click to "Save" button                           # stepDefinitions.CommonPageSteps.clickToButton(java.lang.String)
  Then Success message "Successfully Updated" displayed # stepDefinitions.CommonPageSteps.successMessageDisplayed(java.lang.String)
  And wait a second                                     # stepDefinitions.CommonPageSteps.waitForASecond()
]]></system-out>
  </testcase>
  <testcase name="runScenario[&quot;Update Contact Details for employee&quot;, &quot;Add new Employee&quot;](11)" classname="cucumberOptions.TestRunner" time="10.137">
    <system-out><![CDATA[
@run
Scenario Outline: Update Contact Details for employee       # src/test/java/features/05_pim_employee.feature:79
Browser name run by command line = null
  Given Navigate to "Contact Details" page in header menu   # stepDefinitions.CommonPageSteps.navigateToPageInHeaderMenu(java.lang.String)
  And The "Contact Details" page will displayed             # stepDefinitions.CommonPageSteps.thePageWillDisplayed(java.lang.String)
Browser name run by command line = null
  When Input Contact Detail information with data           # stepDefinitions.PIM.ContactDetailsPageSteps.inputContactDetailInformationWithData(io.cucumber.datatable.DataTable)
    | street1            | city   | stateOrProvince | zipOrPostalCode | country       | mobile       | workEmail |
    | 2406 Valley Street | Camden | New Jersey      | 08102           | United States | 856-898-7280 | johnBrown |
  And Click to "Save" button                                # stepDefinitions.CommonPageSteps.clickToButton(java.lang.String)
  Then Success message "Successfully Updated" displayed     # stepDefinitions.CommonPageSteps.successMessageDisplayed(java.lang.String)
  And wait a second                                         # stepDefinitions.CommonPageSteps.waitForASecond()
  And Contact Detail information displayed correct as input # stepDefinitions.PIM.ContactDetailsPageSteps.contactDetailInformationDisplayedCorrect(io.cucumber.datatable.DataTable)
    | street1            | city   | stateOrProvince | zipOrPostalCode | country       | mobile       | workEmail |
    | 2406 Valley Street | Camden | New Jersey      | 08102           | United States | 856-898-7280 | johnBrown |
]]></system-out>
  </testcase>
  <testcase name="runScenario[&quot;Update Emergency Contacts for employee&quot;, &quot;Add new Employee&quot;](12)" classname="cucumberOptions.TestRunner" time="7.072">
    <system-out><![CDATA[
@run
Scenario Outline: Update Emergency Contacts for employee           # src/test/java/features/05_pim_employee.feature:97
Browser name run by command line = null
  Given Navigate to "Emergency Contacts" page in header menu       # stepDefinitions.CommonPageSteps.navigateToPageInHeaderMenu(java.lang.String)
  And Click to "Add" button of label "Assigned Emergency Contacts" # stepDefinitions.CommonPageSteps.clickToButtonOfLabel(java.lang.String,java.lang.String)
  And The "Save Emergency Contact" page will displayed             # stepDefinitions.CommonPageSteps.thePageWillDisplayed(java.lang.String)
Browser name run by command line = null
  When Input Emergency Contacts information with data              # stepDefinitions.PIM.EmergencyContactsPageSteps.inputEmergencyContactInformationWithData(io.cucumber.datatable.DataTable)
    | emergencyContactName | emergencyRelationship | emergencyContactMobile |
    | Anna Faris           | Wife                  | 678-399-4725           |
  And Click to "Save" button                                       # stepDefinitions.CommonPageSteps.clickToButton(java.lang.String)
  Then Success message "Successfully Saved" displayed              # stepDefinitions.CommonPageSteps.successMessageDisplayed(java.lang.String)
  And wait a second                                                # stepDefinitions.CommonPageSteps.waitForASecond()
  And Emergency Contacts information displayed correct as input    # stepDefinitions.PIM.EmergencyContactsPageSteps.emergencyContactInformationDisplayedCorrect(io.cucumber.datatable.DataTable)
    | emergencyContactName | emergencyRelationship | emergencyContactMobile |
    | Anna Faris           | Wife                  | 678-399-4725           |
]]></system-out>
  </testcase>
  <testcase name="runScenario[&quot;Update Dependents for employee&quot;, &quot;Add new Employee&quot;](13)" classname="cucumberOptions.TestRunner" time="23.388">
    <failure message="no such element: Unable to locate element: {&quot;method&quot;:&quot;xpath&quot;,&quot;selector&quot;:&quot;//h6[text()=&apos;Assigned Dependents&apos;]/ancestor::div[contains(@class,&apos;vertical-padding&apos;)]//following-sibling::div//div[@class=&apos;oxd-table-card&apos;]/div[@role=&apos;row&apos;][1]/div[4]/div[contains(text(),&apos;2022-07-04&apos;)]&quot;}&#10;  (Session info: chrome=131.0.6778.109)&#10;For documentation on this error, please visit: https://www.selenium.dev/documentation/webdriver/troubleshooting/errors#no-such-element-exception&#10;Build info: version: &apos;4.21.0&apos;, revision: &apos;79ed462ef4&apos;&#10;System info: os.name: &apos;Windows 10&apos;, os.arch: &apos;amd64&apos;, os.version: &apos;10.0&apos;, java.version: &apos;17.0.11&apos;&#10;Driver info: org.openqa.selenium.chrome.ChromeDriver&#10;Command: [4bc4fdb80c5a6770814390193c4466ac, findElement {value=//h6[text()=&apos;Assigned Dependents&apos;]/ancestor::div[contains(@class,&apos;vertical-padding&apos;)]//following-sibling::div//div[@class=&apos;oxd-table-card&apos;]/div[@role=&apos;row&apos;][1]/div[4]/div[contains(text(),&apos;2022-07-04&apos;)], using=xpath}]&#10;Capabilities {acceptInsecureCerts: false, browserName: chrome, browserVersion: 131.0.6778.109, chrome: {chromedriverVersion: 131.0.6778.87 (ce31cae94873..., userDataDir: C:\Users\DELL\AppData\Local...}, fedcm:accounts: true, goog:chromeOptions: {debuggerAddress: localhost:53553}, networkConnectionEnabled: false, pageLoadStrategy: normal, platformName: windows, proxy: Proxy(), se:cdp: ws://localhost:53553/devtoo..., se:cdpVersion: 131.0.6778.109, setWindowRect: true, strictFileInteractability: false, timeouts: {implicit: 0, pageLoad: 300000, script: 30000}, unhandledPromptBehavior: dismiss and notify, webauthn:extension:credBlob: true, webauthn:extension:largeBlob: true, webauthn:extension:minPinLength: true, webauthn:extension:prf: true, webauthn:virtualAuthenticators: true}&#10;Session ID: 4bc4fdb80c5a6770814390193c4466ac" type="org.openqa.selenium.NoSuchElementException"><![CDATA[org.openqa.selenium.NoSuchElementException: 
no such element: Unable to locate element: {"method":"xpath","selector":"//h6[text()='Assigned Dependents']/ancestor::div[contains(@class,'vertical-padding')]//following-sibling::div//div[@class='oxd-table-card']/div[@role='row'][1]/div[4]/div[contains(text(),'2022-07-04')]"}
  (Session info: chrome=131.0.6778.109)
For documentation on this error, please visit: https://www.selenium.dev/documentation/webdriver/troubleshooting/errors#no-such-element-exception
Build info: version: '4.21.0', revision: '79ed462ef4'
System info: os.name: 'Windows 10', os.arch: 'amd64', os.version: '10.0', java.version: '17.0.11'
Driver info: org.openqa.selenium.chrome.ChromeDriver
Command: [4bc4fdb80c5a6770814390193c4466ac, findElement {value=//h6[text()='Assigned Dependents']/ancestor::div[contains(@class,'vertical-padding')]//following-sibling::div//div[@class='oxd-table-card']/div[@role='row'][1]/div[4]/div[contains(text(),'2022-07-04')], using=xpath}]
Capabilities {acceptInsecureCerts: false, browserName: chrome, browserVersion: 131.0.6778.109, chrome: {chromedriverVersion: 131.0.6778.87 (ce31cae94873..., userDataDir: C:\Users\DELL\AppData\Local...}, fedcm:accounts: true, goog:chromeOptions: {debuggerAddress: localhost:53553}, networkConnectionEnabled: false, pageLoadStrategy: normal, platformName: windows, proxy: Proxy(), se:cdp: ws://localhost:53553/devtoo..., se:cdpVersion: 131.0.6778.109, setWindowRect: true, strictFileInteractability: false, timeouts: {implicit: 0, pageLoad: 300000, script: 30000}, unhandledPromptBehavior: dismiss and notify, webauthn:extension:credBlob: true, webauthn:extension:largeBlob: true, webauthn:extension:minPinLength: true, webauthn:extension:prf: true, webauthn:virtualAuthenticators: true}
Session ID: 4bc4fdb80c5a6770814390193c4466ac
	at java.base/jdk.internal.reflect.NativeConstructorAccessorImpl.newInstance0(Native Method)
	at java.base/jdk.internal.reflect.NativeConstructorAccessorImpl.newInstance(NativeConstructorAccessorImpl.java:77)
	at java.base/jdk.internal.reflect.DelegatingConstructorAccessorImpl.newInstance(DelegatingConstructorAccessorImpl.java:45)
	at java.base/java.lang.reflect.Constructor.newInstanceWithCaller(Constructor.java:499)
	at java.base/java.lang.reflect.Constructor.newInstance(Constructor.java:480)
	at org.openqa.selenium.remote.ErrorCodec.decode(ErrorCodec.java:167)
	at org.openqa.selenium.remote.codec.w3c.W3CHttpResponseCodec.decode(W3CHttpResponseCodec.java:138)
	at org.openqa.selenium.remote.codec.w3c.W3CHttpResponseCodec.decode(W3CHttpResponseCodec.java:50)
	at org.openqa.selenium.remote.HttpCommandExecutor.execute(HttpCommandExecutor.java:190)
	at org.openqa.selenium.remote.service.DriverCommandExecutor.invokeExecute(DriverCommandExecutor.java:216)
	at org.openqa.selenium.remote.service.DriverCommandExecutor.execute(DriverCommandExecutor.java:174)
	at org.openqa.selenium.remote.RemoteWebDriver.execute(RemoteWebDriver.java:518)
	at org.openqa.selenium.remote.ElementLocation$ElementFinder$2.findElement(ElementLocation.java:165)
	at org.openqa.selenium.remote.ElementLocation.findElement(ElementLocation.java:59)
	at org.openqa.selenium.remote.RemoteWebDriver.findElement(RemoteWebDriver.java:355)
	at org.openqa.selenium.remote.RemoteWebDriver.findElement(RemoteWebDriver.java:349)
	at commons.BasePage.getWebElement(BasePage.java:153)
	at commons.BasePage.isElementDisplayed(BasePage.java:299)
	at pageObjects.CommonPageObject.isValueDisplayedAtColumnNameWithTableName(CommonPageObject.java:82)
	at stepDefinitions.CommonPageSteps.verifyTheValueDisplayedAtTheColumnInTable(CommonPageSteps.java:150)
	at ✽.Verify the table "Assigned Dependents" - column "Date of Birth" displays value "2022-07-04"(file:///D:/Automation%20testing/03%20-%20Java%20Hybrid%20Framework/orangehrm-selenium-cucumber/src/test/java/features/05_pim_employee.feature:111)
]]></failure>
    <system-out><![CDATA[
@run
Scenario Outline: Update Dependents for employee                                                  # src/test/java/features/05_pim_employee.feature:115
Browser name run by command line = null
  Given Navigate to "Dependents" page in header menu                                              # stepDefinitions.CommonPageSteps.navigateToPageInHeaderMenu(java.lang.String)
  And Click to "Add" button of label "Assigned Dependents"                                        # stepDefinitions.CommonPageSteps.clickToButtonOfLabel(java.lang.String,java.lang.String)
  And The "Add Dependent" page will displayed                                                     # stepDefinitions.CommonPageSteps.thePageWillDisplayed(java.lang.String)
  When Input to "Name" textbox with value "Rosy Brown"                                            # stepDefinitions.CommonPageSteps.inputToTextboxWithValue(java.lang.String,java.lang.String)
  And Select item "Child" in dropdown "Relationship"                                              # stepDefinitions.CommonPageSteps.selectItemInDropdown(java.lang.String,java.lang.String)
  And Input to "Date of Birth" textbox with value "2022-07-04"                                    # stepDefinitions.CommonPageSteps.inputToTextboxWithValue(java.lang.String,java.lang.String)
  And Click to "Save" button                                                                      # stepDefinitions.CommonPageSteps.clickToButton(java.lang.String)
  Then Success message "Successfully Saved" displayed                                             # stepDefinitions.CommonPageSteps.successMessageDisplayed(java.lang.String)
  And wait a second                                                                               # stepDefinitions.CommonPageSteps.waitForASecond()
  And Verify the table "Assigned Dependents" - column "Name" displays value "Rosy Brown"          # stepDefinitions.CommonPageSteps.verifyTheValueDisplayedAtTheColumnInTable(java.lang.String,java.lang.String,java.lang.String)
  And Verify the table "Assigned Dependents" - column "Relationship" displays value "Child"       # stepDefinitions.CommonPageSteps.verifyTheValueDisplayedAtTheColumnInTable(java.lang.String,java.lang.String,java.lang.String)
  And Verify the table "Assigned Dependents" - column "Date of Birth" displays value "2022-07-04" # stepDefinitions.CommonPageSteps.verifyTheValueDisplayedAtTheColumnInTable(java.lang.String,java.lang.String,java.lang.String)
      org.openqa.selenium.NoSuchElementException: no such element: Unable to locate element: {"method":"xpath","selector":"//h6[text()='Assigned Dependents']/ancestor::div[contains(@class,'vertical-padding')]//following-sibling::div//div[@class='oxd-table-card']/div[@role='row'][1]/div[4]/div[contains(text(),'2022-07-04')]"}
  (Session info: chrome=131.0.6778.109)
For documentation on this error, please visit: https://www.selenium.dev/documentation/webdriver/troubleshooting/errors#no-such-element-exception
Build info: version: '4.21.0', revision: '79ed462ef4'
System info: os.name: 'Windows 10', os.arch: 'amd64', os.version: '10.0', java.version: '17.0.11'
Driver info: org.openqa.selenium.chrome.ChromeDriver
Command: [4bc4fdb80c5a6770814390193c4466ac, findElement {value=//h6[text()='Assigned Dependents']/ancestor::div[contains(@class,'vertical-padding')]//following-sibling::div//div[@class='oxd-table-card']/div[@role='row'][1]/div[4]/div[contains(text(),'2022-07-04')], using=xpath}]
Capabilities {acceptInsecureCerts: false, browserName: chrome, browserVersion: 131.0.6778.109, chrome: {chromedriverVersion: 131.0.6778.87 (ce31cae94873..., userDataDir: C:\Users\DELL\AppData\Local...}, fedcm:accounts: true, goog:chromeOptions: {debuggerAddress: localhost:53553}, networkConnectionEnabled: false, pageLoadStrategy: normal, platformName: windows, proxy: Proxy(), se:cdp: ws://localhost:53553/devtoo..., se:cdpVersion: 131.0.6778.109, setWindowRect: true, strictFileInteractability: false, timeouts: {implicit: 0, pageLoad: 300000, script: 30000}, unhandledPromptBehavior: dismiss and notify, webauthn:extension:credBlob: true, webauthn:extension:largeBlob: true, webauthn:extension:minPinLength: true, webauthn:extension:prf: true, webauthn:virtualAuthenticators: true}
Session ID: 4bc4fdb80c5a6770814390193c4466ac
	at java.base/jdk.internal.reflect.NativeConstructorAccessorImpl.newInstance0(Native Method)
	at java.base/jdk.internal.reflect.NativeConstructorAccessorImpl.newInstance(NativeConstructorAccessorImpl.java:77)
	at java.base/jdk.internal.reflect.DelegatingConstructorAccessorImpl.newInstance(DelegatingConstructorAccessorImpl.java:45)
	at java.base/java.lang.reflect.Constructor.newInstanceWithCaller(Constructor.java:499)
	at java.base/java.lang.reflect.Constructor.newInstance(Constructor.java:480)
	at org.openqa.selenium.remote.ErrorCodec.decode(ErrorCodec.java:167)
	at org.openqa.selenium.remote.codec.w3c.W3CHttpResponseCodec.decode(W3CHttpResponseCodec.java:138)
	at org.openqa.selenium.remote.codec.w3c.W3CHttpResponseCodec.decode(W3CHttpResponseCodec.java:50)
	at org.openqa.selenium.remote.HttpCommandExecutor.execute(HttpCommandExecutor.java:190)
	at org.openqa.selenium.remote.service.DriverCommandExecutor.invokeExecute(DriverCommandExecutor.java:216)
	at org.openqa.selenium.remote.service.DriverCommandExecutor.execute(DriverCommandExecutor.java:174)
	at org.openqa.selenium.remote.RemoteWebDriver.execute(RemoteWebDriver.java:518)
	at org.openqa.selenium.remote.ElementLocation$ElementFinder$2.findElement(ElementLocation.java:165)
	at org.openqa.selenium.remote.ElementLocation.findElement(ElementLocation.java:59)
	at org.openqa.selenium.remote.RemoteWebDriver.findElement(RemoteWebDriver.java:355)
	at org.openqa.selenium.remote.RemoteWebDriver.findElement(RemoteWebDriver.java:349)
	at commons.BasePage.getWebElement(BasePage.java:153)
	at commons.BasePage.isElementDisplayed(BasePage.java:299)
	at pageObjects.CommonPageObject.isValueDisplayedAtColumnNameWithTableName(CommonPageObject.java:82)
	at stepDefinitions.CommonPageSteps.verifyTheValueDisplayedAtTheColumnInTable(CommonPageSteps.java:150)
	at âœ½.Verify the table "Assigned Dependents" - column "Date of Birth" displays value "2022-07-04"(file:///D:/Automation%20testing/03%20-%20Java%20Hybrid%20Framework/orangehrm-selenium-cucumber/src/test/java/features/05_pim_employee.feature:111)

]]></system-out>
  </testcase>
  <testcase name="runScenario[&quot;Update Immigration for employee&quot;, &quot;Add new Employee&quot;](14)" classname="cucumberOptions.TestRunner" time="35.482">
    <failure message="Expected condition failed: waiting for visibility of element located by By.xpath: //p[contains(@class,&apos;oxd-text--toast-message&apos;) and text()=&apos;Successfully Saved&apos;] (tried for 30 second(s) with 500 milliseconds interval)&#10;Build info: version: &apos;4.21.0&apos;, revision: &apos;79ed462ef4&apos;&#10;System info: os.name: &apos;Windows 10&apos;, os.arch: &apos;amd64&apos;, os.version: &apos;10.0&apos;, java.version: &apos;17.0.11&apos;&#10;Driver info: org.openqa.selenium.chrome.ChromeDriver&#10;Capabilities {acceptInsecureCerts: false, browserName: chrome, browserVersion: 131.0.6778.109, chrome: {chromedriverVersion: 131.0.6778.87 (ce31cae94873..., userDataDir: C:\Users\DELL\AppData\Local...}, fedcm:accounts: true, goog:chromeOptions: {debuggerAddress: localhost:53553}, networkConnectionEnabled: false, pageLoadStrategy: normal, platformName: windows, proxy: Proxy(), se:cdp: ws://localhost:53553/devtoo..., se:cdpVersion: 131.0.6778.109, setWindowRect: true, strictFileInteractability: false, timeouts: {implicit: 0, pageLoad: 300000, script: 30000}, unhandledPromptBehavior: dismiss and notify, webauthn:extension:credBlob: true, webauthn:extension:largeBlob: true, webauthn:extension:minPinLength: true, webauthn:extension:prf: true, webauthn:virtualAuthenticators: true}&#10;Session ID: 4bc4fdb80c5a6770814390193c4466ac" type="org.openqa.selenium.TimeoutException"><![CDATA[org.openqa.selenium.TimeoutException: 
Expected condition failed: waiting for visibility of element located by By.xpath: //p[contains(@class,'oxd-text--toast-message') and text()='Successfully Saved'] (tried for 30 second(s) with 500 milliseconds interval)
Build info: version: '4.21.0', revision: '79ed462ef4'
System info: os.name: 'Windows 10', os.arch: 'amd64', os.version: '10.0', java.version: '17.0.11'
Driver info: org.openqa.selenium.chrome.ChromeDriver
Capabilities {acceptInsecureCerts: false, browserName: chrome, browserVersion: 131.0.6778.109, chrome: {chromedriverVersion: 131.0.6778.87 (ce31cae94873..., userDataDir: C:\Users\DELL\AppData\Local...}, fedcm:accounts: true, goog:chromeOptions: {debuggerAddress: localhost:53553}, networkConnectionEnabled: false, pageLoadStrategy: normal, platformName: windows, proxy: Proxy(), se:cdp: ws://localhost:53553/devtoo..., se:cdpVersion: 131.0.6778.109, setWindowRect: true, strictFileInteractability: false, timeouts: {implicit: 0, pageLoad: 300000, script: 30000}, unhandledPromptBehavior: dismiss and notify, webauthn:extension:credBlob: true, webauthn:extension:largeBlob: true, webauthn:extension:minPinLength: true, webauthn:extension:prf: true, webauthn:virtualAuthenticators: true}
Session ID: 4bc4fdb80c5a6770814390193c4466ac
	at org.openqa.selenium.support.ui.WebDriverWait.timeoutException(WebDriverWait.java:84)
	at org.openqa.selenium.support.ui.FluentWait.until(FluentWait.java:228)
	at commons.BasePage.waitForElementVisible(BasePage.java:412)
	at pageObjects.CommonPageObject.isSuccessMessageDisplayed(CommonPageObject.java:41)
	at stepDefinitions.CommonPageSteps.successMessageDisplayed(CommonPageSteps.java:125)
	at ✽.Success message "Successfully Saved" displayed(file:///D:/Automation%20testing/03%20-%20Java%20Hybrid%20Framework/orangehrm-selenium-cucumber/src/test/java/features/05_pim_employee.feature:125)
]]></failure>
    <system-out><![CDATA[
@run
Scenario Outline: Update Immigration for employee                   # src/test/java/features/05_pim_employee.feature:133
Browser name run by command line = null
  Given Navigate to "Immigration" page in header menu               # stepDefinitions.CommonPageSteps.navigateToPageInHeaderMenu(java.lang.String)
  And Click to "Add" button of label "Assigned Immigration Records" # stepDefinitions.CommonPageSteps.clickToButtonOfLabel(java.lang.String,java.lang.String)
  And The "Add Immigration" page will displayed                     # stepDefinitions.CommonPageSteps.thePageWillDisplayed(java.lang.String)
Browser name run by command line = null
  When Input Immigration information with data                      # stepDefinitions.PIM.ImmigrationPageSteps.inputImmigrationInformationWithData(io.cucumber.datatable.DataTable)
    | documentType | docNumber | issuedDate | expiryDate | issuedBy      | eligibleReviewDate |
    | Passport     | 422016774 | 2017-24-12 | 2027-23-12 | United States | 2023-23-12         |
  And Click to "Save" button                                        # stepDefinitions.CommonPageSteps.clickToButton(java.lang.String)
  Then Success message "Successfully Saved" displayed               # stepDefinitions.CommonPageSteps.successMessageDisplayed(java.lang.String)
      org.openqa.selenium.TimeoutException: Expected condition failed: waiting for visibility of element located by By.xpath: //p[contains(@class,'oxd-text--toast-message') and text()='Successfully Saved'] (tried for 30 second(s) with 500 milliseconds interval)
Build info: version: '4.21.0', revision: '79ed462ef4'
System info: os.name: 'Windows 10', os.arch: 'amd64', os.version: '10.0', java.version: '17.0.11'
Driver info: org.openqa.selenium.chrome.ChromeDriver
Capabilities {acceptInsecureCerts: false, browserName: chrome, browserVersion: 131.0.6778.109, chrome: {chromedriverVersion: 131.0.6778.87 (ce31cae94873..., userDataDir: C:\Users\DELL\AppData\Local...}, fedcm:accounts: true, goog:chromeOptions: {debuggerAddress: localhost:53553}, networkConnectionEnabled: false, pageLoadStrategy: normal, platformName: windows, proxy: Proxy(), se:cdp: ws://localhost:53553/devtoo..., se:cdpVersion: 131.0.6778.109, setWindowRect: true, strictFileInteractability: false, timeouts: {implicit: 0, pageLoad: 300000, script: 30000}, unhandledPromptBehavior: dismiss and notify, webauthn:extension:credBlob: true, webauthn:extension:largeBlob: true, webauthn:extension:minPinLength: true, webauthn:extension:prf: true, webauthn:virtualAuthenticators: true}
Session ID: 4bc4fdb80c5a6770814390193c4466ac
	at org.openqa.selenium.support.ui.WebDriverWait.timeoutException(WebDriverWait.java:84)
	at org.openqa.selenium.support.ui.FluentWait.until(FluentWait.java:228)
	at commons.BasePage.waitForElementVisible(BasePage.java:412)
	at pageObjects.CommonPageObject.isSuccessMessageDisplayed(CommonPageObject.java:41)
	at stepDefinitions.CommonPageSteps.successMessageDisplayed(CommonPageSteps.java:125)
	at âœ½.Success message "Successfully Saved" displayed(file:///D:/Automation%20testing/03%20-%20Java%20Hybrid%20Framework/orangehrm-selenium-cucumber/src/test/java/features/05_pim_employee.feature:125)

  And wait a second                                                 # stepDefinitions.CommonPageSteps.waitForASecond()
  And Immigration information displayed correct as input            # stepDefinitions.PIM.ImmigrationPageSteps.immigrationInformationDisplayedCorrect(io.cucumber.datatable.DataTable)
    | documentType | docNumber | issuedDate | expiryDate | issuedBy      | eligibleReviewDate |
    | Passport     | 422016774 | 2017-24-12 | 2027-23-12 | United States | 2023-23-12         |
]]></system-out>
  </testcase>
</testsuite>