<?xml version="1.0" encoding="UTF-8"?>
<testng-results ignored="0" total="2" passed="2" failed="0" skipped="0">
  <reporter-output>
    <line>
      <![CDATA[Remove all file in ReportNG screenshot (image)]]>
    </line>
    <line>
      <![CDATA[Delete success]]>
    </line>
    <line>
      <![CDATA[Remove all file in Allure attachment (json file)]]>
    </line>
    <line>
      <![CDATA[OS name = windows 10]]>
    </line>
    <line>
      <![CDATA[Driver instance name = chromedriver: chrome on windows (a08123e79905dd27cf195499b4a2e815)]]>
    </line>
  </reporter-output>
  <suite started-at="2024-11-22T17:08:46 ICT" name="OrangeHRM" finished-at="2024-11-22T17:09:11 ICT" duration-ms="24364">
    <groups>
    </groups>
    <test started-at="2024-11-22T17:08:46 ICT" name="Run on Chrome Browser" finished-at="2024-11-22T17:09:11 ICT" duration-ms="24364">
      <class name="admin.Admin_01_Job_Titles">
        <test-method is-config="true" signature="deleteFileInReport()[pri:0, instance:admin.Admin_01_Job_Titles@5286c33a]" started-at="2024-11-22T17:08:46 ICT" name="deleteFileInReport" finished-at="2024-11-22T17:08:46 ICT" duration-ms="17" status="PASS">
          <reporter-output>
            <line>
              <![CDATA[Remove all file in ReportNG screenshot (image)]]>
            </line>
            <line>
              <![CDATA[Delete success]]>
            </line>
            <line>
              <![CDATA[Remove all file in Allure attachment (json file)]]>
            </line>
          </reporter-output>
        </test-method> <!-- deleteFileInReport -->
        <test-method is-config="true" signature="beforeClass(java.lang.String,java.lang.String)[pri:0, instance:admin.Admin_01_Job_Titles@5286c33a]" started-at="2024-11-22T17:08:46 ICT" name="beforeClass" finished-at="2024-11-22T17:08:58 ICT" duration-ms="11301" status="PASS">
          <params>
            <param index="0">
              <value>
                <![CDATA[https://localhost:8443/orangehrm5/]]>
              </value>
            </param>
            <param index="1">
              <value>
                <![CDATA[chrome]]>
              </value>
            </param>
          </params>
          <reporter-output>
          </reporter-output>
        </test-method> <!-- beforeClass -->
        <test-method signature="Job_Title_01_Add_New_Empty_Data(java.lang.reflect.Method)[pri:0, instance:admin.Admin_01_Job_Titles@5286c33a]" started-at="2024-11-22T17:08:58 ICT" name="Job_Title_01_Add_New_Empty_Data" finished-at="2024-11-22T17:09:01 ICT" duration-ms="2938" status="PASS">
          <params>
            <param index="0">
              <value>
                <![CDATA[public void admin.Admin_01_Job_Titles.Job_Title_01_Add_New_Empty_Data(java.lang.reflect.Method)]]>
              </value>
            </param>
          </params>
          <reporter-output>
          </reporter-output>
        </test-method> <!-- Job_Title_01_Add_New_Empty_Data -->
        <test-method signature="Job_Title_02_Add_New_Sucess(java.lang.reflect.Method)[pri:0, instance:admin.Admin_01_Job_Titles@5286c33a]" started-at="2024-11-22T17:09:01 ICT" name="Job_Title_02_Add_New_Sucess" finished-at="2024-11-22T17:09:10 ICT" duration-ms="9742" status="PASS">
          <params>
            <param index="0">
              <value>
                <![CDATA[public void admin.Admin_01_Job_Titles.Job_Title_02_Add_New_Sucess(java.lang.reflect.Method)]]>
              </value>
            </param>
          </params>
          <reporter-output>
          </reporter-output>
        </test-method> <!-- Job_Title_02_Add_New_Sucess -->
        <test-method is-config="true" signature="afterClass()[pri:0, instance:admin.Admin_01_Job_Titles@5286c33a]" started-at="2024-11-22T17:09:10 ICT" name="afterClass" finished-at="2024-11-22T17:09:11 ICT" duration-ms="341" status="PASS">
          <reporter-output>
            <line>
              <![CDATA[OS name = windows 10]]>
            </line>
            <line>
              <![CDATA[Driver instance name = chromedriver: chrome on windows (a08123e79905dd27cf195499b4a2e815)]]>
            </line>
          </reporter-output>
        </test-method> <!-- afterClass -->
      </class> <!-- admin.Admin_01_Job_Titles -->
    </test> <!-- Run on Chrome Browser -->
  </suite> <!-- OrangeHRM -->
</testng-results>
